<?xml version="1.0" encoding="UTF-8"?>
<robot generator="Robot 7.3.2 (Python 3.11.5 on win32)" generated="2025-09-15T23:43:43.767378" rpa="false" schemaversion="5">
<suite id="s1" name="Test" source="D:\GE\SoftwareQuality\lab\SQA\Assignment\Lab10\Starterfiles\test.robot">
<test id="s1-t1" name="1. Register Success" line="28">
<kw name="Open Edge">
<kw name="Evaluate" owner="BuiltIn">
<msg time="2025-09-15T23:43:44.200289" level="INFO">${edge_options} = &lt;selenium.webdriver.edge.options.Options object at 0x000002C10AE06C50&gt;</msg>
<var>${edge_options}</var>
<arg>sys.modules['selenium.webdriver'].EdgeOptions()</arg>
<arg>sys</arg>
<doc>Evaluates the given expression in Python and returns the result.</doc>
<status status="PASS" start="2025-09-15T23:43:44.199290" elapsed="0.000999"/>
</kw>
<kw name="Evaluate" owner="BuiltIn">
<msg time="2025-09-15T23:43:44.201289" level="INFO">${service} = &lt;selenium.webdriver.edge.service.Service object at 0x000002C10AE07390&gt;</msg>
<var>${service}</var>
<arg>sys.modules["selenium.webdriver.edge.service"].Service(executable_path=r"${EDGE_DRIVER_PATH}")</arg>
<arg>sys</arg>
<doc>Evaluates the given expression in Python and returns the result.</doc>
<status status="PASS" start="2025-09-15T23:43:44.200289" elapsed="0.001000"/>
</kw>
<kw name="Create Webdriver" owner="SeleniumLibrary">
<msg time="2025-09-15T23:43:44.201289" level="INFO">Creating an instance of the Edge WebDriver.</msg>
<arg>Edge</arg>
<arg>options=${edge_options}</arg>
<arg>service=${service}</arg>
<doc>Creates an instance of Selenium WebDriver.</doc>
<status status="PASS" start="2025-09-15T23:43:44.201289" elapsed="1.352922"/>
</kw>
<kw name="Set Selenium Speed" owner="SeleniumLibrary">
<arg>0.1</arg>
<doc>Sets the delay that is waited after each Selenium command.</doc>
<status status="PASS" start="2025-09-15T23:43:45.555210" elapsed="0.000000"/>
</kw>
<status status="PASS" start="2025-09-15T23:43:44.199290" elapsed="1.355920"/>
</kw>
<kw name="Go To" owner="SeleniumLibrary">
<msg time="2025-09-15T23:43:45.558209" level="INFO">Opening url 'http://localhost:7272/Lab10/Registration.html'</msg>
<arg>${Registration_Page}</arg>
<doc>Navigates the current browser window to the provided ``url``.</doc>
<status status="PASS" start="2025-09-15T23:43:45.557209" elapsed="0.488609"/>
</kw>
<kw name="Input Text" owner="SeleniumLibrary">
<msg time="2025-09-15T23:43:46.046820" level="INFO">Typing text 'Somsri' into text field 'id=firstname'.</msg>
<arg>id=firstname</arg>
<arg>${FirstName}</arg>
<doc>Types the given ``text`` into the text field identified by ``locator``.</doc>
<status status="PASS" start="2025-09-15T23:43:46.045818" elapsed="0.400952"/>
</kw>
<kw name="Input Text" owner="SeleniumLibrary">
<msg time="2025-09-15T23:43:46.447765" level="INFO">Typing text 'Sodsai' into text field 'id=lastname'.</msg>
<arg>id=lastname</arg>
<arg>${LastName}</arg>
<doc>Types the given ``text`` into the text field identified by ``locator``.</doc>
<status status="PASS" start="2025-09-15T23:43:46.446770" elapsed="0.394199"/>
</kw>
<kw name="Input Text" owner="SeleniumLibrary">
<msg time="2025-09-15T23:43:46.841971" level="INFO">Typing text 'CS KKU' into text field 'id=organization'.</msg>
<arg>id=organization</arg>
<arg>${Organization}</arg>
<doc>Types the given ``text`` into the text field identified by ``locator``.</doc>
<status status="PASS" start="2025-09-15T23:43:46.840969" elapsed="0.372101"/>
</kw>
<kw name="Input Text" owner="SeleniumLibrary">
<msg time="2025-09-15T23:43:47.213070" level="INFO">Typing text 'somsri@kkumail.com' into text field 'id=email'.</msg>
<arg>id=email</arg>
<arg>${Email}</arg>
<doc>Types the given ``text`` into the text field identified by ``locator``.</doc>
<status status="PASS" start="2025-09-15T23:43:47.213070" elapsed="0.407474"/>
</kw>
<kw name="Input Text" owner="SeleniumLibrary">
<msg time="2025-09-15T23:43:47.620544" level="INFO">Typing text '081-001-1234' into text field 'id=phone'.</msg>
<arg>id=phone</arg>
<arg>${PhoneNo}</arg>
<doc>Types the given ``text`` into the text field identified by ``locator``.</doc>
<status status="PASS" start="2025-09-15T23:43:47.620544" elapsed="0.407589"/>
</kw>
<kw name="Click Button" owner="SeleniumLibrary">
<msg time="2025-09-15T23:43:48.028133" level="INFO">Clicking button 'id=registerButton'.</msg>
<arg>id=registerButton</arg>
<doc>Clicks the button identified by ``locator``.</doc>
<status status="PASS" start="2025-09-15T23:43:48.028133" elapsed="0.450942"/>
</kw>
<kw name="Page Should Contain" owner="SeleniumLibrary">
<msg time="2025-09-15T23:43:48.717856" level="INFO">Current page contains text 'Success'.</msg>
<arg>Success</arg>
<doc>Verifies that current page contains ``text``.</doc>
<status status="PASS" start="2025-09-15T23:43:48.479075" elapsed="0.238781"/>
</kw>
<kw name="Close Browser" owner="SeleniumLibrary">
<doc>Closes the current browser.</doc>
<status status="PASS" start="2025-09-15T23:43:48.717856" elapsed="2.262873"/>
</kw>
<status status="PASS" start="2025-09-15T23:43:44.198281" elapsed="6.782448"/>
</test>
<test id="s1-t2" name="2. Register Success No Organization Info" line="40">
<kw name="Open Edge">
<kw name="Evaluate" owner="BuiltIn">
<msg time="2025-09-15T23:43:50.982712" level="INFO">${edge_options} = &lt;selenium.webdriver.edge.options.Options object at 0x000002C10AE07610&gt;</msg>
<var>${edge_options}</var>
<arg>sys.modules['selenium.webdriver'].EdgeOptions()</arg>
<arg>sys</arg>
<doc>Evaluates the given expression in Python and returns the result.</doc>
<status status="PASS" start="2025-09-15T23:43:50.982712" elapsed="0.000000"/>
</kw>
<kw name="Evaluate" owner="BuiltIn">
<msg time="2025-09-15T23:43:50.984727" level="INFO">${service} = &lt;selenium.webdriver.edge.service.Service object at 0x000002C10AE07F10&gt;</msg>
<var>${service}</var>
<arg>sys.modules["selenium.webdriver.edge.service"].Service(executable_path=r"${EDGE_DRIVER_PATH}")</arg>
<arg>sys</arg>
<doc>Evaluates the given expression in Python and returns the result.</doc>
<status status="PASS" start="2025-09-15T23:43:50.983728" elapsed="0.000999"/>
</kw>
<kw name="Create Webdriver" owner="SeleniumLibrary">
<msg time="2025-09-15T23:43:50.984727" level="INFO">Creating an instance of the Edge WebDriver.</msg>
<arg>Edge</arg>
<arg>options=${edge_options}</arg>
<arg>service=${service}</arg>
<doc>Creates an instance of Selenium WebDriver.</doc>
<status status="PASS" start="2025-09-15T23:43:50.984727" elapsed="1.486603"/>
</kw>
<kw name="Set Selenium Speed" owner="SeleniumLibrary">
<arg>0.1</arg>
<doc>Sets the delay that is waited after each Selenium command.</doc>
<status status="PASS" start="2025-09-15T23:43:52.471330" elapsed="0.000998"/>
</kw>
<status status="PASS" start="2025-09-15T23:43:50.982712" elapsed="1.489616"/>
</kw>
<kw name="Go To" owner="SeleniumLibrary">
<msg time="2025-09-15T23:43:52.473329" level="INFO">Opening url 'http://localhost:7272/Lab3/Registration.html'</msg>
<arg>${Registration_Page_Lab3}</arg>
<doc>Navigates the current browser window to the provided ``url``.</doc>
<status status="PASS" start="2025-09-15T23:43:52.472328" elapsed="0.534273"/>
</kw>
<kw name="Page Should Contain" owner="SeleniumLibrary">
<msg time="2025-09-15T23:43:53.614879" level="INFO" html="true">&lt;/td&gt;&lt;/tr&gt;&lt;tr&gt;&lt;td colspan="3"&gt;&lt;a href="selenium-screenshot-1.png"&gt;&lt;img src="selenium-screenshot-1.png" width="800px"&gt;&lt;/a&gt;</msg>
<msg time="2025-09-15T23:43:53.614879" level="FAIL">Page should have contained text 'Event Registration' but did not.</msg>
<arg>Event Registration</arg>
<doc>Verifies that current page contains ``text``.</doc>
<status status="FAIL" start="2025-09-15T23:43:53.007602" elapsed="0.609276">Page should have contained text 'Event Registration' but did not.</status>
</kw>
<kw name="Input Text" owner="SeleniumLibrary">
<arg>id=firstname</arg>
<arg>${FirstName}</arg>
<doc>Types the given ``text`` into the text field identified by ``locator``.</doc>
<status status="NOT RUN" start="2025-09-15T23:43:53.616878" elapsed="0.000000"/>
</kw>
<kw name="Input Text" owner="SeleniumLibrary">
<arg>id=lastname</arg>
<arg>${LastName}</arg>
<doc>Types the given ``text`` into the text field identified by ``locator``.</doc>
<status status="NOT RUN" start="2025-09-15T23:43:53.616878" elapsed="0.000000"/>
</kw>
<kw name="Input Text" owner="SeleniumLibrary">
<arg>id=email</arg>
<arg>${Email}</arg>
<doc>Types the given ``text`` into the text field identified by ``locator``.</doc>
<status status="NOT RUN" start="2025-09-15T23:43:53.616878" elapsed="0.000000"/>
</kw>
<kw name="Input Text" owner="SeleniumLibrary">
<arg>id=phone</arg>
<arg>${PhoneNo}</arg>
<doc>Types the given ``text`` into the text field identified by ``locator``.</doc>
<status status="NOT RUN" start="2025-09-15T23:43:53.617888" elapsed="0.000000"/>
</kw>
<kw name="Click Button" owner="SeleniumLibrary">
<arg>id=registerButton</arg>
<doc>Clicks the button identified by ``locator``.</doc>
<status status="NOT RUN" start="2025-09-15T23:43:53.617888" elapsed="0.000000"/>
</kw>
<kw name="Page Should Contain" owner="SeleniumLibrary">
<arg>Success</arg>
<doc>Verifies that current page contains ``text``.</doc>
<status status="NOT RUN" start="2025-09-15T23:43:53.617888" elapsed="0.000000"/>
</kw>
<kw name="Close Browser" owner="SeleniumLibrary">
<doc>Closes the current browser.</doc>
<status status="NOT RUN" start="2025-09-15T23:43:53.618876" elapsed="0.000000"/>
</kw>
<status status="FAIL" start="2025-09-15T23:43:50.981740" elapsed="2.637136">Page should have contained text 'Event Registration' but did not.</status>
</test>
<test id="s1-t3" name="3. Empty First Name" line="52">
<kw name="Open Edge">
<kw name="Evaluate" owner="BuiltIn">
<msg time="2025-09-15T23:43:53.620876" level="INFO">${edge_options} = &lt;selenium.webdriver.edge.options.Options object at 0x000002C10AE11010&gt;</msg>
<var>${edge_options}</var>
<arg>sys.modules['selenium.webdriver'].EdgeOptions()</arg>
<arg>sys</arg>
<doc>Evaluates the given expression in Python and returns the result.</doc>
<status status="PASS" start="2025-09-15T23:43:53.620876" elapsed="0.000000"/>
</kw>
<kw name="Evaluate" owner="BuiltIn">
<msg time="2025-09-15T23:43:53.621891" level="INFO">${service} = &lt;selenium.webdriver.edge.service.Service object at 0x000002C10AE2EF50&gt;</msg>
<var>${service}</var>
<arg>sys.modules["selenium.webdriver.edge.service"].Service(executable_path=r"${EDGE_DRIVER_PATH}")</arg>
<arg>sys</arg>
<doc>Evaluates the given expression in Python and returns the result.</doc>
<status status="PASS" start="2025-09-15T23:43:53.620876" elapsed="0.001015"/>
</kw>
<kw name="Create Webdriver" owner="SeleniumLibrary">
<msg time="2025-09-15T23:43:53.621891" level="INFO">Creating an instance of the Edge WebDriver.</msg>
<arg>Edge</arg>
<arg>options=${edge_options}</arg>
<arg>service=${service}</arg>
<doc>Creates an instance of Selenium WebDriver.</doc>
<status status="PASS" start="2025-09-15T23:43:53.621891" elapsed="1.550523"/>
</kw>
<kw name="Set Selenium Speed" owner="SeleniumLibrary">
<arg>0.1</arg>
<doc>Sets the delay that is waited after each Selenium command.</doc>
<status status="PASS" start="2025-09-15T23:43:55.172414" elapsed="0.000000"/>
</kw>
<status status="PASS" start="2025-09-15T23:43:53.619876" elapsed="1.552538"/>
</kw>
<kw name="Go To" owner="SeleniumLibrary">
<msg time="2025-09-15T23:43:55.175412" level="INFO">Opening url 'http://localhost:7272/Lab10/Registration.html'</msg>
<arg>${Registration_Page}</arg>
<doc>Navigates the current browser window to the provided ``url``.</doc>
<status status="PASS" start="2025-09-15T23:43:55.175412" elapsed="0.488095"/>
</kw>
<kw name="Input Text" owner="SeleniumLibrary">
<msg time="2025-09-15T23:43:55.663507" level="INFO">Typing text 'Sodsai' into text field 'id=lastname'.</msg>
<arg>id=lastname</arg>
<arg>${LastName}</arg>
<doc>Types the given ``text`` into the text field identified by ``locator``.</doc>
<status status="PASS" start="2025-09-15T23:43:55.663507" elapsed="0.408565"/>
</kw>
<kw name="Input Text" owner="SeleniumLibrary">
<msg time="2025-09-15T23:43:56.072072" level="INFO">Typing text 'CS KKU' into text field 'id=organization'.</msg>
<arg>id=organization</arg>
<arg>${Organization}</arg>
<doc>Types the given ``text`` into the text field identified by ``locator``.</doc>
<status status="PASS" start="2025-09-15T23:43:56.072072" elapsed="0.430821"/>
</kw>
<kw name="Input Text" owner="SeleniumLibrary">
<msg time="2025-09-15T23:43:56.503893" level="INFO">Typing text 'somsri@kkumail.com' into text field 'id=email'.</msg>
<arg>id=email</arg>
<arg>${Email}</arg>
<doc>Types the given ``text`` into the text field identified by ``locator``.</doc>
<status status="PASS" start="2025-09-15T23:43:56.503893" elapsed="0.423767"/>
</kw>
<kw name="Input Text" owner="SeleniumLibrary">
<msg time="2025-09-15T23:43:56.927660" level="INFO">Typing text '081-001-1234' into text field 'id=phone'.</msg>
<arg>id=phone</arg>
<arg>${PhoneNo}</arg>
<doc>Types the given ``text`` into the text field identified by ``locator``.</doc>
<status status="PASS" start="2025-09-15T23:43:56.927660" elapsed="0.377874"/>
</kw>
<kw name="Click Button" owner="SeleniumLibrary">
<msg time="2025-09-15T23:43:57.306534" level="INFO">Clicking button 'id=registerButton'.</msg>
<arg>id=registerButton</arg>
<doc>Clicks the button identified by ``locator``.</doc>
<status status="PASS" start="2025-09-15T23:43:57.305534" elapsed="0.380302"/>
</kw>
<kw name="Wait Until Element Is Visible" owner="SeleniumLibrary">
<arg>id=errors</arg>
<arg>3s</arg>
<doc>Waits until the element ``locator`` is visible.</doc>
<status status="PASS" start="2025-09-15T23:43:57.685836" elapsed="0.245502"/>
</kw>
<kw name="Element Text Should Be" owner="SeleniumLibrary">
<msg time="2025-09-15T23:43:57.931338" level="INFO">Verifying element 'id=errors' contains exact text 'Please enter your first name!!'.</msg>
<msg time="2025-09-15T23:43:58.330888" level="INFO" html="true">&lt;/td&gt;&lt;/tr&gt;&lt;tr&gt;&lt;td colspan="3"&gt;&lt;a href="selenium-screenshot-2.png"&gt;&lt;img src="selenium-screenshot-2.png" width="800px"&gt;&lt;/a&gt;</msg>
<msg time="2025-09-15T23:43:58.330888" level="FAIL">The text of element 'id=errors' should have been 'Please enter your first name!!' but it was '*Please enter your first name!!'.</msg>
<arg>id=errors</arg>
<arg>Please enter your first name!!</arg>
<doc>Verifies that element ``locator`` contains exact the text ``expected``.</doc>
<status status="FAIL" start="2025-09-15T23:43:57.931338" elapsed="0.416541">The text of element 'id=errors' should have been 'Please enter your first name!!' but it was '*Please enter your first name!!'.</status>
</kw>
<kw name="Close Browser" owner="SeleniumLibrary">
<doc>Closes the current browser.</doc>
<status status="NOT RUN" start="2025-09-15T23:43:58.347879" elapsed="0.000000"/>
</kw>
<status status="FAIL" start="2025-09-15T23:43:53.619876" elapsed="4.729003">The text of element 'id=errors' should have been 'Please enter your first name!!' but it was '*Please enter your first name!!'.</status>
</test>
<test id="s1-t4" name="4. Empty Last Name" line="64">
<kw name="Open Edge">
<kw name="Evaluate" owner="BuiltIn">
<msg time="2025-09-15T23:43:58.349878" level="INFO">${edge_options} = &lt;selenium.webdriver.edge.options.Options object at 0x000002C10AD8D550&gt;</msg>
<var>${edge_options}</var>
<arg>sys.modules['selenium.webdriver'].EdgeOptions()</arg>
<arg>sys</arg>
<doc>Evaluates the given expression in Python and returns the result.</doc>
<status status="PASS" start="2025-09-15T23:43:58.349878" elapsed="0.000000"/>
</kw>
<kw name="Evaluate" owner="BuiltIn">
<msg time="2025-09-15T23:43:58.350877" level="INFO">${service} = &lt;selenium.webdriver.edge.service.Service object at 0x000002C10AD8F650&gt;</msg>
<var>${service}</var>
<arg>sys.modules["selenium.webdriver.edge.service"].Service(executable_path=r"${EDGE_DRIVER_PATH}")</arg>
<arg>sys</arg>
<doc>Evaluates the given expression in Python and returns the result.</doc>
<status status="PASS" start="2025-09-15T23:43:58.350877" elapsed="0.000000"/>
</kw>
<kw name="Create Webdriver" owner="SeleniumLibrary">
<msg time="2025-09-15T23:43:58.351877" level="INFO">Creating an instance of the Edge WebDriver.</msg>
<arg>Edge</arg>
<arg>options=${edge_options}</arg>
<arg>service=${service}</arg>
<doc>Creates an instance of Selenium WebDriver.</doc>
<status status="PASS" start="2025-09-15T23:43:58.350877" elapsed="1.549936"/>
</kw>
<kw name="Set Selenium Speed" owner="SeleniumLibrary">
<arg>0.1</arg>
<doc>Sets the delay that is waited after each Selenium command.</doc>
<status status="PASS" start="2025-09-15T23:43:59.900813" elapsed="0.000999"/>
</kw>
<status status="PASS" start="2025-09-15T23:43:58.349878" elapsed="1.551934"/>
</kw>
<kw name="Go To" owner="SeleniumLibrary">
<msg time="2025-09-15T23:43:59.908808" level="INFO">Opening url 'http://localhost:7272/Lab10/Registration.html'</msg>
<arg>${Registration_Page}</arg>
<doc>Navigates the current browser window to the provided ``url``.</doc>
<status status="PASS" start="2025-09-15T23:43:59.908808" elapsed="0.498377"/>
</kw>
<kw name="Input Text" owner="SeleniumLibrary">
<msg time="2025-09-15T23:44:00.408185" level="INFO">Typing text 'Somsri' into text field 'id=firstname'.</msg>
<arg>id=firstname</arg>
<arg>${FirstName}</arg>
<doc>Types the given ``text`` into the text field identified by ``locator``.</doc>
<status status="PASS" start="2025-09-15T23:44:00.407185" elapsed="0.440352"/>
</kw>
<kw name="Input Text" owner="SeleniumLibrary">
<msg time="2025-09-15T23:44:00.847537" level="INFO">Typing text 'CS KKU' into text field 'id=organization'.</msg>
<arg>id=organization</arg>
<arg>${Organization}</arg>
<doc>Types the given ``text`` into the text field identified by ``locator``.</doc>
<status status="PASS" start="2025-09-15T23:44:00.847537" elapsed="0.372368"/>
</kw>
<kw name="Input Text" owner="SeleniumLibrary">
<msg time="2025-09-15T23:44:01.219905" level="INFO">Typing text 'somsri@kkumail.com' into text field 'id=email'.</msg>
<arg>id=email</arg>
<arg>${Email}</arg>
<doc>Types the given ``text`` into the text field identified by ``locator``.</doc>
<status status="PASS" start="2025-09-15T23:44:01.219905" elapsed="0.427212"/>
</kw>
<kw name="Input Text" owner="SeleniumLibrary">
<msg time="2025-09-15T23:44:01.647117" level="INFO">Typing text '081-001-1234' into text field 'id=phone'.</msg>
<arg>id=phone</arg>
<arg>${PhoneNo}</arg>
<doc>Types the given ``text`` into the text field identified by ``locator``.</doc>
<status status="PASS" start="2025-09-15T23:44:01.647117" elapsed="0.409650"/>
</kw>
<kw name="Click Button" owner="SeleniumLibrary">
<msg time="2025-09-15T23:44:02.057767" level="INFO">Clicking button 'id=registerButton'.</msg>
<arg>id=registerButton</arg>
<doc>Clicks the button identified by ``locator``.</doc>
<status status="PASS" start="2025-09-15T23:44:02.056767" elapsed="0.395478"/>
</kw>
<kw name="Wait Until Element Is Visible" owner="SeleniumLibrary">
<arg>id=errors</arg>
<arg>3s</arg>
<doc>Waits until the element ``locator`` is visible.</doc>
<status status="PASS" start="2025-09-15T23:44:02.452245" elapsed="0.221578"/>
</kw>
<kw name="Element Text Should Be" owner="SeleniumLibrary">
<msg time="2025-09-15T23:44:02.673823" level="INFO">Verifying element 'id=errors' contains exact text 'Please enter your last name!!'.</msg>
<msg time="2025-09-15T23:44:03.087410" level="INFO" html="true">&lt;/td&gt;&lt;/tr&gt;&lt;tr&gt;&lt;td colspan="3"&gt;&lt;a href="selenium-screenshot-3.png"&gt;&lt;img src="selenium-screenshot-3.png" width="800px"&gt;&lt;/a&gt;</msg>
<msg time="2025-09-15T23:44:03.087410" level="FAIL">The text of element 'id=errors' should have been 'Please enter your last name!!' but it was '*Please enter your last name!!'.</msg>
<arg>id=errors</arg>
<arg>Please enter your last name!!</arg>
<doc>Verifies that element ``locator`` contains exact the text ``expected``.</doc>
<status status="FAIL" start="2025-09-15T23:44:02.673823" elapsed="0.414587">The text of element 'id=errors' should have been 'Please enter your last name!!' but it was '*Please enter your last name!!'.</status>
</kw>
<kw name="Close Browser" owner="SeleniumLibrary">
<doc>Closes the current browser.</doc>
<status status="NOT RUN" start="2025-09-15T23:44:03.088410" elapsed="0.000000"/>
</kw>
<status status="FAIL" start="2025-09-15T23:43:58.348879" elapsed="4.739531">The text of element 'id=errors' should have been 'Please enter your last name!!' but it was '*Please enter your last name!!'.</status>
</test>
<test id="s1-t5" name="5. Empty First Name and Last Name" line="76">
<kw name="Open Edge">
<kw name="Evaluate" owner="BuiltIn">
<msg time="2025-09-15T23:44:03.090408" level="INFO">${edge_options} = &lt;selenium.webdriver.edge.options.Options object at 0x000002C10AD5F450&gt;</msg>
<var>${edge_options}</var>
<arg>sys.modules['selenium.webdriver'].EdgeOptions()</arg>
<arg>sys</arg>
<doc>Evaluates the given expression in Python and returns the result.</doc>
<status status="PASS" start="2025-09-15T23:44:03.090408" elapsed="0.000000"/>
</kw>
<kw name="Evaluate" owner="BuiltIn">
<msg time="2025-09-15T23:44:03.091408" level="INFO">${service} = &lt;selenium.webdriver.edge.service.Service object at 0x000002C10ADB0A90&gt;</msg>
<var>${service}</var>
<arg>sys.modules["selenium.webdriver.edge.service"].Service(executable_path=r"${EDGE_DRIVER_PATH}")</arg>
<arg>sys</arg>
<doc>Evaluates the given expression in Python and returns the result.</doc>
<status status="PASS" start="2025-09-15T23:44:03.090408" elapsed="0.001000"/>
</kw>
<kw name="Create Webdriver" owner="SeleniumLibrary">
<msg time="2025-09-15T23:44:03.091408" level="INFO">Creating an instance of the Edge WebDriver.</msg>
<arg>Edge</arg>
<arg>options=${edge_options}</arg>
<arg>service=${service}</arg>
<doc>Creates an instance of Selenium WebDriver.</doc>
<status status="PASS" start="2025-09-15T23:44:03.091408" elapsed="1.579404"/>
</kw>
<kw name="Set Selenium Speed" owner="SeleniumLibrary">
<arg>0.1</arg>
<doc>Sets the delay that is waited after each Selenium command.</doc>
<status status="PASS" start="2025-09-15T23:44:04.670812" elapsed="0.000000"/>
</kw>
<status status="PASS" start="2025-09-15T23:44:03.089409" elapsed="1.581403"/>
</kw>
<kw name="Go To" owner="SeleniumLibrary">
<msg time="2025-09-15T23:44:04.673810" level="INFO">Opening url 'http://localhost:7272/Lab10/Registration.html'</msg>
<arg>${Registration_Page}</arg>
<doc>Navigates the current browser window to the provided ``url``.</doc>
<status status="PASS" start="2025-09-15T23:44:04.673810" elapsed="0.470253"/>
</kw>
<kw name="Input Text" owner="SeleniumLibrary">
<msg time="2025-09-15T23:44:05.144063" level="INFO">Typing text 'CS KKU' into text field 'id=organization'.</msg>
<arg>id=organization</arg>
<arg>${Organization}</arg>
<doc>Types the given ``text`` into the text field identified by ``locator``.</doc>
<status status="PASS" start="2025-09-15T23:44:05.144063" elapsed="0.472049"/>
</kw>
<kw name="Input Text" owner="SeleniumLibrary">
<msg time="2025-09-15T23:44:05.616112" level="INFO">Typing text 'somsri@kkumail.com' into text field 'id=email'.</msg>
<arg>id=email</arg>
<arg>${Email}</arg>
<doc>Types the given ``text`` into the text field identified by ``locator``.</doc>
<status status="PASS" start="2025-09-15T23:44:05.616112" elapsed="0.398169"/>
</kw>
<kw name="Input Text" owner="SeleniumLibrary">
<msg time="2025-09-15T23:44:06.015103" level="INFO">Typing text '081-001-1234' into text field 'id=phone'.</msg>
<arg>id=phone</arg>
<arg>${PhoneNo}</arg>
<doc>Types the given ``text`` into the text field identified by ``locator``.</doc>
<status status="PASS" start="2025-09-15T23:44:06.014281" elapsed="0.414801"/>
</kw>
<kw name="Click Button" owner="SeleniumLibrary">
<msg time="2025-09-15T23:44:06.429082" level="INFO">Clicking button 'id=registerButton'.</msg>
<arg>id=registerButton</arg>
<doc>Clicks the button identified by ``locator``.</doc>
<status status="PASS" start="2025-09-15T23:44:06.429082" elapsed="0.381059"/>
</kw>
<kw name="Wait Until Element Is Visible" owner="SeleniumLibrary">
<arg>id=errors</arg>
<arg>3s</arg>
<doc>Waits until the element ``locator`` is visible.</doc>
<status status="PASS" start="2025-09-15T23:44:06.810141" elapsed="0.252923"/>
</kw>
<kw name="Element Text Should Be" owner="SeleniumLibrary">
<msg time="2025-09-15T23:44:07.063064" level="INFO">Verifying element 'id=errors' contains exact text 'Please enter your name!!'.</msg>
<msg time="2025-09-15T23:44:07.447794" level="INFO" html="true">&lt;/td&gt;&lt;/tr&gt;&lt;tr&gt;&lt;td colspan="3"&gt;&lt;a href="selenium-screenshot-4.png"&gt;&lt;img src="selenium-screenshot-4.png" width="800px"&gt;&lt;/a&gt;</msg>
<msg time="2025-09-15T23:44:07.447794" level="FAIL">The text of element 'id=errors' should have been 'Please enter your name!!' but it was '*Please enter your name!!'.</msg>
<arg>id=errors</arg>
<arg>Please enter your name!!</arg>
<doc>Verifies that element ``locator`` contains exact the text ``expected``.</doc>
<status status="FAIL" start="2025-09-15T23:44:07.063064" elapsed="0.384730">The text of element 'id=errors' should have been 'Please enter your name!!' but it was '*Please enter your name!!'.</status>
</kw>
<kw name="Close Browser" owner="SeleniumLibrary">
<doc>Closes the current browser.</doc>
<status status="NOT RUN" start="2025-09-15T23:44:07.448793" elapsed="0.000000"/>
</kw>
<status status="FAIL" start="2025-09-15T23:44:03.089409" elapsed="4.360384">The text of element 'id=errors' should have been 'Please enter your name!!' but it was '*Please enter your name!!'.</status>
</test>
<test id="s1-t6" name="6. Empty Email" line="87">
<kw name="Open Edge">
<kw name="Evaluate" owner="BuiltIn">
<msg time="2025-09-15T23:44:07.451792" level="INFO">${edge_options} = &lt;selenium.webdriver.edge.options.Options object at 0x000002C10AD7BC90&gt;</msg>
<var>${edge_options}</var>
<arg>sys.modules['selenium.webdriver'].EdgeOptions()</arg>
<arg>sys</arg>
<doc>Evaluates the given expression in Python and returns the result.</doc>
<status status="PASS" start="2025-09-15T23:44:07.451792" elapsed="0.000000"/>
</kw>
<kw name="Evaluate" owner="BuiltIn">
<msg time="2025-09-15T23:44:07.452791" level="INFO">${service} = &lt;selenium.webdriver.edge.service.Service object at 0x000002C10AD991D0&gt;</msg>
<var>${service}</var>
<arg>sys.modules["selenium.webdriver.edge.service"].Service(executable_path=r"${EDGE_DRIVER_PATH}")</arg>
<arg>sys</arg>
<doc>Evaluates the given expression in Python and returns the result.</doc>
<status status="PASS" start="2025-09-15T23:44:07.451792" elapsed="0.000999"/>
</kw>
<kw name="Create Webdriver" owner="SeleniumLibrary">
<msg time="2025-09-15T23:44:07.452791" level="INFO">Creating an instance of the Edge WebDriver.</msg>
<arg>Edge</arg>
<arg>options=${edge_options}</arg>
<arg>service=${service}</arg>
<doc>Creates an instance of Selenium WebDriver.</doc>
<status status="PASS" start="2025-09-15T23:44:07.452791" elapsed="2.628946"/>
</kw>
<kw name="Set Selenium Speed" owner="SeleniumLibrary">
<arg>0.1</arg>
<doc>Sets the delay that is waited after each Selenium command.</doc>
<status status="PASS" start="2025-09-15T23:44:10.082736" elapsed="0.000000"/>
</kw>
<status status="PASS" start="2025-09-15T23:44:07.450792" elapsed="2.631944"/>
</kw>
<kw name="Go To" owner="SeleniumLibrary">
<msg time="2025-09-15T23:44:10.083736" level="INFO">Opening url 'http://localhost:7272/Lab10/Registration.html'</msg>
<arg>${Registration_Page}</arg>
<doc>Navigates the current browser window to the provided ``url``.</doc>
<status status="PASS" start="2025-09-15T23:44:10.083736" elapsed="0.466152"/>
</kw>
<kw name="Input Text" owner="SeleniumLibrary">
<msg time="2025-09-15T23:44:10.556884" level="INFO">Typing text 'Somsri' into text field 'id=firstname'.</msg>
<arg>id=firstname</arg>
<arg>${FirstName}</arg>
<doc>Types the given ``text`` into the text field identified by ``locator``.</doc>
<status status="PASS" start="2025-09-15T23:44:10.556884" elapsed="0.463257"/>
</kw>
<kw name="Input Text" owner="SeleniumLibrary">
<msg time="2025-09-15T23:44:11.020141" level="INFO">Typing text 'Sodsai' into text field 'id=lastname'.</msg>
<arg>id=lastname</arg>
<arg>${LastName}</arg>
<doc>Types the given ``text`` into the text field identified by ``locator``.</doc>
<status status="PASS" start="2025-09-15T23:44:11.020141" elapsed="0.393640"/>
</kw>
<kw name="Input Text" owner="SeleniumLibrary">
<msg time="2025-09-15T23:44:11.414783" level="INFO">Typing text 'CS KKU' into text field 'id=organization'.</msg>
<arg>id=organization</arg>
<arg>${Organization}</arg>
<doc>Types the given ``text`` into the text field identified by ``locator``.</doc>
<status status="PASS" start="2025-09-15T23:44:11.413781" elapsed="0.368389"/>
</kw>
<kw name="Input Text" owner="SeleniumLibrary">
<msg time="2025-09-15T23:44:11.782170" level="INFO">Typing text '081-001-1234' into text field 'id=phone'.</msg>
<arg>id=phone</arg>
<arg>${PhoneNo}</arg>
<doc>Types the given ``text`` into the text field identified by ``locator``.</doc>
<status status="PASS" start="2025-09-15T23:44:11.782170" elapsed="0.382732"/>
</kw>
<kw name="Click Button" owner="SeleniumLibrary">
<msg time="2025-09-15T23:44:12.168900" level="INFO">Clicking button 'id=registerButton'.</msg>
<arg>id=registerButton</arg>
<doc>Clicks the button identified by ``locator``.</doc>
<status status="PASS" start="2025-09-15T23:44:12.168900" elapsed="0.409433"/>
</kw>
<kw name="Wait Until Element Is Visible" owner="SeleniumLibrary">
<arg>id=errors</arg>
<arg>3s</arg>
<doc>Waits until the element ``locator`` is visible.</doc>
<status status="PASS" start="2025-09-15T23:44:12.578333" elapsed="0.223445"/>
</kw>
<kw name="Element Text Should Be" owner="SeleniumLibrary">
<msg time="2025-09-15T23:44:12.801778" level="INFO">Verifying element 'id=errors' contains exact text 'Please enter your email!!'.</msg>
<msg time="2025-09-15T23:44:13.197183" level="INFO" html="true">&lt;/td&gt;&lt;/tr&gt;&lt;tr&gt;&lt;td colspan="3"&gt;&lt;a href="selenium-screenshot-5.png"&gt;&lt;img src="selenium-screenshot-5.png" width="800px"&gt;&lt;/a&gt;</msg>
<msg time="2025-09-15T23:44:13.198183" level="FAIL">The text of element 'id=errors' should have been 'Please enter your email!!' but it was '*Please enter your email!!'.</msg>
<arg>id=errors</arg>
<arg>Please enter your email!!</arg>
<doc>Verifies that element ``locator`` contains exact the text ``expected``.</doc>
<status status="FAIL" start="2025-09-15T23:44:12.801778" elapsed="0.396405">The text of element 'id=errors' should have been 'Please enter your email!!' but it was '*Please enter your email!!'.</status>
</kw>
<kw name="Close Browser" owner="SeleniumLibrary">
<doc>Closes the current browser.</doc>
<status status="NOT RUN" start="2025-09-15T23:44:13.199188" elapsed="0.000000"/>
</kw>
<status status="FAIL" start="2025-09-15T23:44:07.450792" elapsed="5.748396">The text of element 'id=errors' should have been 'Please enter your email!!' but it was '*Please enter your email!!'.</status>
</test>
<test id="s1-t7" name="7. Empty Phone Number" line="99">
<kw name="Open Edge">
<kw name="Evaluate" owner="BuiltIn">
<msg time="2025-09-15T23:44:13.201181" level="INFO">${edge_options} = &lt;selenium.webdriver.edge.options.Options object at 0x000002C10AE7AAD0&gt;</msg>
<var>${edge_options}</var>
<arg>sys.modules['selenium.webdriver'].EdgeOptions()</arg>
<arg>sys</arg>
<doc>Evaluates the given expression in Python and returns the result.</doc>
<status status="PASS" start="2025-09-15T23:44:13.200182" elapsed="0.000999"/>
</kw>
<kw name="Evaluate" owner="BuiltIn">
<msg time="2025-09-15T23:44:13.201181" level="INFO">${service} = &lt;selenium.webdriver.edge.service.Service object at 0x000002C10AE7A3D0&gt;</msg>
<var>${service}</var>
<arg>sys.modules["selenium.webdriver.edge.service"].Service(executable_path=r"${EDGE_DRIVER_PATH}")</arg>
<arg>sys</arg>
<doc>Evaluates the given expression in Python and returns the result.</doc>
<status status="PASS" start="2025-09-15T23:44:13.201181" elapsed="0.000000"/>
</kw>
<kw name="Create Webdriver" owner="SeleniumLibrary">
<msg time="2025-09-15T23:44:13.202180" level="INFO">Creating an instance of the Edge WebDriver.</msg>
<arg>Edge</arg>
<arg>options=${edge_options}</arg>
<arg>service=${service}</arg>
<doc>Creates an instance of Selenium WebDriver.</doc>
<status status="PASS" start="2025-09-15T23:44:13.202180" elapsed="2.958847"/>
</kw>
<kw name="Set Selenium Speed" owner="SeleniumLibrary">
<arg>0.1</arg>
<doc>Sets the delay that is waited after each Selenium command.</doc>
<status status="PASS" start="2025-09-15T23:44:16.161027" elapsed="0.001002"/>
</kw>
<status status="PASS" start="2025-09-15T23:44:13.200182" elapsed="2.961847"/>
</kw>
<kw name="Go To" owner="SeleniumLibrary">
<msg time="2025-09-15T23:44:16.162219" level="INFO">Opening url 'http://localhost:7272/Lab10/Registration.html'</msg>
<arg>${Registration_Page}</arg>
<doc>Navigates the current browser window to the provided ``url``.</doc>
<status status="PASS" start="2025-09-15T23:44:16.162219" elapsed="4.095684"/>
</kw>
<kw name="Input Text" owner="SeleniumLibrary">
<msg time="2025-09-15T23:44:20.257903" level="INFO">Typing text 'Somsri' into text field 'id=firstname'.</msg>
<arg>id=firstname</arg>
<arg>${FirstName}</arg>
<doc>Types the given ``text`` into the text field identified by ``locator``.</doc>
<status status="PASS" start="2025-09-15T23:44:20.257903" elapsed="0.423304"/>
</kw>
<kw name="Input Text" owner="SeleniumLibrary">
<msg time="2025-09-15T23:44:20.682197" level="INFO">Typing text 'Sodsai' into text field 'id=lastname'.</msg>
<arg>id=lastname</arg>
<arg>${LastName}</arg>
<doc>Types the given ``text`` into the text field identified by ``locator``.</doc>
<status status="PASS" start="2025-09-15T23:44:20.681207" elapsed="0.397844"/>
</kw>
<kw name="Input Text" owner="SeleniumLibrary">
<msg time="2025-09-15T23:44:21.079051" level="INFO">Typing text 'CS KKU' into text field 'id=organization'.</msg>
<arg>id=organization</arg>
<arg>${Organization}</arg>
<doc>Types the given ``text`` into the text field identified by ``locator``.</doc>
<status status="PASS" start="2025-09-15T23:44:21.079051" elapsed="0.371862"/>
</kw>
<kw name="Input Text" owner="SeleniumLibrary">
<msg time="2025-09-15T23:44:21.450913" level="INFO">Typing text 'somsri@kkumail.com' into text field 'id=email'.</msg>
<arg>id=email</arg>
<arg>${Email}</arg>
<doc>Types the given ``text`` into the text field identified by ``locator``.</doc>
<status status="PASS" start="2025-09-15T23:44:21.450913" elapsed="0.392263"/>
</kw>
<kw name="Click Button" owner="SeleniumLibrary">
<msg time="2025-09-15T23:44:21.843176" level="INFO">Clicking button 'id=registerButton'.</msg>
<arg>id=registerButton</arg>
<doc>Clicks the button identified by ``locator``.</doc>
<status status="PASS" start="2025-09-15T23:44:21.843176" elapsed="0.422833"/>
</kw>
<kw name="Wait Until Element Is Visible" owner="SeleniumLibrary">
<arg>id=errors</arg>
<arg>3s</arg>
<doc>Waits until the element ``locator`` is visible.</doc>
<status status="PASS" start="2025-09-15T23:44:22.266009" elapsed="0.224991"/>
</kw>
<kw name="Element Text Should Be" owner="SeleniumLibrary">
<msg time="2025-09-15T23:44:22.491000" level="INFO">Verifying element 'id=errors' contains exact text 'Please enter your phone number!!'.</msg>
<msg time="2025-09-15T23:44:22.919138" level="INFO" html="true">&lt;/td&gt;&lt;/tr&gt;&lt;tr&gt;&lt;td colspan="3"&gt;&lt;a href="selenium-screenshot-6.png"&gt;&lt;img src="selenium-screenshot-6.png" width="800px"&gt;&lt;/a&gt;</msg>
<msg time="2025-09-15T23:44:22.919138" level="FAIL">The text of element 'id=errors' should have been 'Please enter your phone number!!' but it was '*Please enter your phone number!!'.</msg>
<arg>id=errors</arg>
<arg>Please enter your phone number!!</arg>
<doc>Verifies that element ``locator`` contains exact the text ``expected``.</doc>
<status status="FAIL" start="2025-09-15T23:44:22.491000" elapsed="0.429138">The text of element 'id=errors' should have been 'Please enter your phone number!!' but it was '*Please enter your phone number!!'.</status>
</kw>
<kw name="Close Browser" owner="SeleniumLibrary">
<doc>Closes the current browser.</doc>
<status status="NOT RUN" start="2025-09-15T23:44:22.921138" elapsed="0.000000"/>
</kw>
<status status="FAIL" start="2025-09-15T23:44:13.200182" elapsed="9.720956">The text of element 'id=errors' should have been 'Please enter your phone number!!' but it was '*Please enter your phone number!!'.</status>
</test>
<test id="s1-t8" name="8. Invalid Phone Number" line="111">
<kw name="Open Edge">
<kw name="Evaluate" owner="BuiltIn">
<msg time="2025-09-15T23:44:22.927134" level="INFO">${edge_options} = &lt;selenium.webdriver.edge.options.Options object at 0x000002C10AE83190&gt;</msg>
<var>${edge_options}</var>
<arg>sys.modules['selenium.webdriver'].EdgeOptions()</arg>
<arg>sys</arg>
<doc>Evaluates the given expression in Python and returns the result.</doc>
<status status="PASS" start="2025-09-15T23:44:22.926135" elapsed="0.000999"/>
</kw>
<kw name="Evaluate" owner="BuiltIn">
<msg time="2025-09-15T23:44:22.928134" level="INFO">${service} = &lt;selenium.webdriver.edge.service.Service object at 0x000002C10AE83AD0&gt;</msg>
<var>${service}</var>
<arg>sys.modules["selenium.webdriver.edge.service"].Service(executable_path=r"${EDGE_DRIVER_PATH}")</arg>
<arg>sys</arg>
<doc>Evaluates the given expression in Python and returns the result.</doc>
<status status="PASS" start="2025-09-15T23:44:22.927134" elapsed="0.001000"/>
</kw>
<kw name="Create Webdriver" owner="SeleniumLibrary">
<msg time="2025-09-15T23:44:22.929134" level="INFO">Creating an instance of the Edge WebDriver.</msg>
<arg>Edge</arg>
<arg>options=${edge_options}</arg>
<arg>service=${service}</arg>
<doc>Creates an instance of Selenium WebDriver.</doc>
<status status="PASS" start="2025-09-15T23:44:22.929134" elapsed="1.521006"/>
</kw>
<kw name="Set Selenium Speed" owner="SeleniumLibrary">
<arg>0.1</arg>
<doc>Sets the delay that is waited after each Selenium command.</doc>
<status status="PASS" start="2025-09-15T23:44:24.450140" elapsed="0.001000"/>
</kw>
<status status="PASS" start="2025-09-15T23:44:22.926135" elapsed="1.525005"/>
</kw>
<kw name="Go To" owner="SeleniumLibrary">
<msg time="2025-09-15T23:44:24.458467" level="INFO">Opening url 'http://localhost:7272/Lab10/Registration.html'</msg>
<arg>${Registration_Page}</arg>
<doc>Navigates the current browser window to the provided ``url``.</doc>
<status status="PASS" start="2025-09-15T23:44:24.457467" elapsed="0.479814"/>
</kw>
<kw name="Input Text" owner="SeleniumLibrary">
<msg time="2025-09-15T23:44:24.938281" level="INFO">Typing text 'Somsri' into text field 'id=firstname'.</msg>
<arg>id=firstname</arg>
<arg>${FirstName}</arg>
<doc>Types the given ``text`` into the text field identified by ``locator``.</doc>
<status status="PASS" start="2025-09-15T23:44:24.937281" elapsed="0.429117"/>
</kw>
<kw name="Input Text" owner="SeleniumLibrary">
<msg time="2025-09-15T23:44:25.366398" level="INFO">Typing text 'Sodsai' into text field 'id=lastname'.</msg>
<arg>id=lastname</arg>
<arg>${LastName}</arg>
<doc>Types the given ``text`` into the text field identified by ``locator``.</doc>
<status status="PASS" start="2025-09-15T23:44:25.366398" elapsed="0.371376"/>
</kw>
<kw name="Input Text" owner="SeleniumLibrary">
<msg time="2025-09-15T23:44:25.737774" level="INFO">Typing text 'CS KKU' into text field 'id=organization'.</msg>
<arg>id=organization</arg>
<arg>${Organization}</arg>
<doc>Types the given ``text`` into the text field identified by ``locator``.</doc>
<status status="PASS" start="2025-09-15T23:44:25.737774" elapsed="0.399505"/>
</kw>
<kw name="Input Text" owner="SeleniumLibrary">
<msg time="2025-09-15T23:44:26.137279" level="INFO">Typing text 'somsri@kkumail.com' into text field 'id=email'.</msg>
<arg>id=email</arg>
<arg>${Email}</arg>
<doc>Types the given ``text`` into the text field identified by ``locator``.</doc>
<status status="PASS" start="2025-09-15T23:44:26.137279" elapsed="0.387829"/>
</kw>
<kw name="Input Text" owner="SeleniumLibrary">
<msg time="2025-09-15T23:44:26.529107" level="INFO">Typing text '1234' into text field 'id=phone'.</msg>
<arg>id=phone</arg>
<arg>${InvalidPhoneNo}</arg>
<doc>Types the given ``text`` into the text field identified by ``locator``.</doc>
<status status="PASS" start="2025-09-15T23:44:26.529107" elapsed="0.404418"/>
</kw>
<kw name="Click Button" owner="SeleniumLibrary">
<msg time="2025-09-15T23:44:26.934523" level="INFO">Clicking button 'id=registerButton'.</msg>
<arg>id=registerButton</arg>
<doc>Clicks the button identified by ``locator``.</doc>
<status status="PASS" start="2025-09-15T23:44:26.933525" elapsed="0.410678"/>
</kw>
<kw name="Wait Until Element Is Visible" owner="SeleniumLibrary">
<arg>id=errors</arg>
<arg>3s</arg>
<doc>Waits until the element ``locator`` is visible.</doc>
<status status="PASS" start="2025-09-15T23:44:27.344203" elapsed="0.220526"/>
</kw>
<kw name="Element Text Should Be" owner="SeleniumLibrary">
<msg time="2025-09-15T23:44:27.565729" level="INFO">Verifying element 'id=errors' contains exact text 'Please enter a valid phone number, e.g., 081-234-5678, 081 234 5678, or 081.234.5678)'.</msg>
<msg time="2025-09-15T23:44:27.974079" level="INFO" html="true">&lt;/td&gt;&lt;/tr&gt;&lt;tr&gt;&lt;td colspan="3"&gt;&lt;a href="selenium-screenshot-7.png"&gt;&lt;img src="selenium-screenshot-7.png" width="800px"&gt;&lt;/a&gt;</msg>
<msg time="2025-09-15T23:44:27.974079" level="FAIL">The text of element 'id=errors' should have been 'Please enter a valid phone number, e.g., 081-234-5678, 081 234 5678, or 081.234.5678)' but it was 'Please enter a valid phone number!!'.</msg>
<arg>id=errors</arg>
<arg>Please enter a valid phone number, e.g., 081-234-5678, 081 234 5678, or 081.234.5678)</arg>
<doc>Verifies that element ``locator`` contains exact the text ``expected``.</doc>
<status status="FAIL" start="2025-09-15T23:44:27.564729" elapsed="0.410350">The text of element 'id=errors' should have been 'Please enter a valid phone number, e.g., 081-234-5678, 081 234 5678, or 081.234.5678)' but it was 'Please enter a valid phone number!!'.</status>
</kw>
<kw name="Close Browser" owner="SeleniumLibrary">
<doc>Closes the current browser.</doc>
<status status="NOT RUN" start="2025-09-15T23:44:27.975079" elapsed="0.000000"/>
</kw>
<status status="FAIL" start="2025-09-15T23:44:22.926135" elapsed="5.048944">The text of element 'id=errors' should have been 'Please enter a valid phone number, e.g., 081-234-5678, 081 234 5678, or 081.234.5678)' but it was 'Please enter a valid phone number!!'.</status>
</test>
<status status="FAIL" start="2025-09-15T23:43:43.770370" elapsed="44.205708"/>
</suite>
<statistics>
<total>
<stat pass="1" fail="7" skip="0">All Tests</stat>
</total>
<tag>
</tag>
<suite>
<stat name="Test" id="s1" pass="1" fail="7" skip="0">Test</stat>
</suite>
</statistics>
<errors>
</errors>
</robot>
